Analysis & Synthesis report for SimpleCPU_Template
Fri Dec 04 16:39:23 2020
Quartus Prime Version 19.1.0 Build 670 09/22/2019 SJ Lite Edition


---------------------
; Table of Contents ;
---------------------
  1. Legal Notice
  2. Analysis & Synthesis Summary
  3. Analysis & Synthesis Settings
  4. Parallel Compilation
  5. Analysis & Synthesis Source Files Read
  6. Analysis & Synthesis Resource Usage Summary
  7. Analysis & Synthesis Resource Utilization by Entity
  8. State Machine - |SimpleCPU_Template|ControlUnit:Label_CU|current_state
  9. Registers Removed During Synthesis
 10. General Register Statistics
 11. Multiplexer Restructuring Statistics (Restructuring Performed)
 12. Port Connectivity Checks: "reg:Label_MAR"
 13. Post-Synthesis Netlist Statistics for Top Partition
 14. Elapsed Time Per Partition
 15. Analysis & Synthesis Messages



----------------
; Legal Notice ;
----------------
Copyright (C) 2019  Intel Corporation. All rights reserved.
Your use of Intel Corporation's design tools, logic functions 
and other software and tools, and any partner logic 
functions, and any output files from any of the foregoing 
(including device programming or simulation files), and any 
associated documentation or information are expressly subject 
to the terms and conditions of the Intel Program License 
Subscription Agreement, the Intel Quartus Prime License Agreement,
the Intel FPGA IP License Agreement, or other applicable license
agreement, including, without limitation, that your use is for
the sole purpose of programming logic devices manufactured by
Intel and sold by Intel or its authorized distributors.  Please
refer to the applicable agreement for further details, at
https://fpgasoftware.intel.com/eula.



+----------------------------------------------------------------------------------+
; Analysis & Synthesis Summary                                                     ;
+------------------------------------+---------------------------------------------+
; Analysis & Synthesis Status        ; Successful - Fri Dec 04 16:39:23 2020       ;
; Quartus Prime Version              ; 19.1.0 Build 670 09/22/2019 SJ Lite Edition ;
; Revision Name                      ; SimpleCPU_Template                          ;
; Top-level Entity Name              ; SimpleCPU_Template                          ;
; Family                             ; MAX 10                                      ;
; Total logic elements               ; 552                                         ;
;     Total combinational functions  ; 361                                         ;
;     Dedicated logic registers      ; 328                                         ;
; Total registers                    ; 328                                         ;
; Total pins                         ; 50                                          ;
; Total virtual pins                 ; 0                                           ;
; Total memory bits                  ; 0                                           ;
; Embedded Multiplier 9-bit elements ; 0                                           ;
; Total PLLs                         ; 0                                           ;
; UFM blocks                         ; 0                                           ;
; ADC blocks                         ; 0                                           ;
+------------------------------------+---------------------------------------------+


+------------------------------------------------------------------------------------------------------------+
; Analysis & Synthesis Settings                                                                              ;
+------------------------------------------------------------------+--------------------+--------------------+
; Option                                                           ; Setting            ; Default Value      ;
+------------------------------------------------------------------+--------------------+--------------------+
; Device                                                           ; 10M50DCF484C7G     ;                    ;
; Top-level entity name                                            ; SimpleCPU_Template ; SimpleCPU_Template ;
; Family name                                                      ; MAX 10             ; Cyclone V          ;
; Use smart compilation                                            ; Off                ; Off                ;
; Enable parallel Assembler and Timing Analyzer during compilation ; On                 ; On                 ;
; Enable compact report table                                      ; Off                ; Off                ;
; Restructure Multiplexers                                         ; Auto               ; Auto               ;
; Create Debugging Nodes for IP Cores                              ; Off                ; Off                ;
; Preserve fewer node names                                        ; On                 ; On                 ;
; Intel FPGA IP Evaluation Mode                                    ; Enable             ; Enable             ;
; Verilog Version                                                  ; Verilog_2001       ; Verilog_2001       ;
; VHDL Version                                                     ; VHDL_1993          ; VHDL_1993          ;
; State Machine Processing                                         ; Auto               ; Auto               ;
; Safe State Machine                                               ; Off                ; Off                ;
; Extract Verilog State Machines                                   ; On                 ; On                 ;
; Extract VHDL State Machines                                      ; On                 ; On                 ;
; Ignore Verilog initial constructs                                ; Off                ; Off                ;
; Iteration limit for constant Verilog loops                       ; 5000               ; 5000               ;
; Iteration limit for non-constant Verilog loops                   ; 250                ; 250                ;
; Add Pass-Through Logic to Inferred RAMs                          ; On                 ; On                 ;
; Infer RAMs from Raw Logic                                        ; On                 ; On                 ;
; Parallel Synthesis                                               ; On                 ; On                 ;
; DSP Block Balancing                                              ; Auto               ; Auto               ;
; NOT Gate Push-Back                                               ; On                 ; On                 ;
; Power-Up Don't Care                                              ; On                 ; On                 ;
; Remove Redundant Logic Cells                                     ; Off                ; Off                ;
; Remove Duplicate Registers                                       ; On                 ; On                 ;
; Ignore CARRY Buffers                                             ; Off                ; Off                ;
; Ignore CASCADE Buffers                                           ; Off                ; Off                ;
; Ignore GLOBAL Buffers                                            ; Off                ; Off                ;
; Ignore ROW GLOBAL Buffers                                        ; Off                ; Off                ;
; Ignore LCELL Buffers                                             ; Off                ; Off                ;
; Ignore SOFT Buffers                                              ; On                 ; On                 ;
; Limit AHDL Integers to 32 Bits                                   ; Off                ; Off                ;
; Optimization Technique                                           ; Balanced           ; Balanced           ;
; Carry Chain Length                                               ; 70                 ; 70                 ;
; Auto Carry Chains                                                ; On                 ; On                 ;
; Auto Open-Drain Pins                                             ; On                 ; On                 ;
; Perform WYSIWYG Primitive Resynthesis                            ; Off                ; Off                ;
; Auto ROM Replacement                                             ; On                 ; On                 ;
; Auto RAM Replacement                                             ; On                 ; On                 ;
; Auto DSP Block Replacement                                       ; On                 ; On                 ;
; Auto Shift Register Replacement                                  ; Auto               ; Auto               ;
; Allow Shift Register Merging across Hierarchies                  ; Auto               ; Auto               ;
; Auto Clock Enable Replacement                                    ; On                 ; On                 ;
; Strict RAM Replacement                                           ; Off                ; Off                ;
; Allow Synchronous Control Signals                                ; On                 ; On                 ;
; Force Use of Synchronous Clear Signals                           ; Off                ; Off                ;
; Auto RAM Block Balancing                                         ; On                 ; On                 ;
; Auto RAM to Logic Cell Conversion                                ; Off                ; Off                ;
; Auto Resource Sharing                                            ; Off                ; Off                ;
; Allow Any RAM Size For Recognition                               ; Off                ; Off                ;
; Allow Any ROM Size For Recognition                               ; Off                ; Off                ;
; Allow Any Shift Register Size For Recognition                    ; Off                ; Off                ;
; Use LogicLock Constraints during Resource Balancing              ; On                 ; On                 ;
; Ignore translate_off and synthesis_off directives                ; Off                ; Off                ;
; Timing-Driven Synthesis                                          ; On                 ; On                 ;
; Report Parameter Settings                                        ; On                 ; On                 ;
; Report Source Assignments                                        ; On                 ; On                 ;
; Report Connectivity Checks                                       ; On                 ; On                 ;
; Ignore Maximum Fan-Out Assignments                               ; Off                ; Off                ;
; Synchronization Register Chain Length                            ; 2                  ; 2                  ;
; Power Optimization During Synthesis                              ; Normal compilation ; Normal compilation ;
; HDL message level                                                ; Level2             ; Level2             ;
; Suppress Register Optimization Related Messages                  ; Off                ; Off                ;
; Number of Removed Registers Reported in Synthesis Report         ; 5000               ; 5000               ;
; Number of Swept Nodes Reported in Synthesis Report               ; 5000               ; 5000               ;
; Number of Inverted Registers Reported in Synthesis Report        ; 100                ; 100                ;
; Clock MUX Protection                                             ; On                 ; On                 ;
; Auto Gated Clock Conversion                                      ; Off                ; Off                ;
; Block Design Naming                                              ; Auto               ; Auto               ;
; SDC constraint protection                                        ; Off                ; Off                ;
; Synthesis Effort                                                 ; Auto               ; Auto               ;
; Shift Register Replacement - Allow Asynchronous Clear Signal     ; On                 ; On                 ;
; Pre-Mapping Resynthesis Optimization                             ; Off                ; Off                ;
; Analysis & Synthesis Message Level                               ; Medium             ; Medium             ;
; Disable Register Merging Across Hierarchies                      ; Auto               ; Auto               ;
; Resource Aware Inference For Block RAM                           ; On                 ; On                 ;
+------------------------------------------------------------------+--------------------+--------------------+


+------------------------------------------+
; Parallel Compilation                     ;
+----------------------------+-------------+
; Processors                 ; Number      ;
+----------------------------+-------------+
; Number detected on machine ; 8           ;
; Maximum allowed            ; 4           ;
;                            ;             ;
; Average used               ; 1.00        ;
; Maximum used               ; 4           ;
;                            ;             ;
; Usage by Processor         ; % Time Used ;
;     Processor 1            ; 100.0%      ;
;     Processors 2-4         ;   0.0%      ;
+----------------------------+-------------+


+-------------------------------------------------------------------------------------------------------------------------------------------------------------------------------------+
; Analysis & Synthesis Source Files Read                                                                                                                                              ;
+----------------------------------+-----------------+-----------------------+----------------------------------------------------------------------------------------------+---------+
; File Name with User-Entered Path ; Used in Netlist ; File Type             ; File Name with Absolute Path                                                                 ; Library ;
+----------------------------------+-----------------+-----------------------+----------------------------------------------------------------------------------------------+---------+
; SimpleCPU_Template.vhd           ; yes             ; User VHDL File        ; C:/Users/san81/OneDrive/Documents/Quartus Labs/FinalProject/SimpleCPU/SimpleCPU_Template.vhd ;         ;
; memory_8_by_32.vhd               ; yes             ; Auto-Found VHDL File  ; C:/Users/san81/OneDrive/Documents/Quartus Labs/FinalProject/SimpleCPU/memory_8_by_32.vhd     ;         ;
; reg.vhd                          ; yes             ; Auto-Found VHDL File  ; C:/Users/san81/OneDrive/Documents/Quartus Labs/FinalProject/SimpleCPU/reg.vhd                ;         ;
; alu.vhd                          ; yes             ; Auto-Found VHDL File  ; C:/Users/san81/OneDrive/Documents/Quartus Labs/FinalProject/SimpleCPU/alu.vhd                ;         ;
; programcounter.vhd               ; yes             ; Auto-Found VHDL File  ; C:/Users/san81/OneDrive/Documents/Quartus Labs/FinalProject/SimpleCPU/programcounter.vhd     ;         ;
; controlunit.vhd                  ; yes             ; Auto-Found VHDL File  ; C:/Users/san81/OneDrive/Documents/Quartus Labs/FinalProject/SimpleCPU/controlunit.vhd        ;         ;
+----------------------------------+-----------------+-----------------------+----------------------------------------------------------------------------------------------+---------+


+---------------------------------------------------------+
; Analysis & Synthesis Resource Usage Summary             ;
+---------------------------------------------+-----------+
; Resource                                    ; Usage     ;
+---------------------------------------------+-----------+
; Estimated Total logic elements              ; 552       ;
;                                             ;           ;
; Total combinational functions               ; 361       ;
; Logic element usage by number of LUT inputs ;           ;
;     -- 4 input functions                    ; 188       ;
;     -- 3 input functions                    ; 58        ;
;     -- <=2 input functions                  ; 115       ;
;                                             ;           ;
; Logic elements by mode                      ;           ;
;     -- normal mode                          ; 347       ;
;     -- arithmetic mode                      ; 14        ;
;                                             ;           ;
; Total registers                             ; 328       ;
;     -- Dedicated logic registers            ; 328       ;
;     -- I/O registers                        ; 0         ;
;                                             ;           ;
; I/O pins                                    ; 50        ;
;                                             ;           ;
; Embedded Multiplier 9-bit elements          ; 0         ;
;                                             ;           ;
; Maximum fan-out node                        ; clk~input ;
; Maximum fan-out                             ; 328       ;
; Total fan-out                               ; 2130      ;
; Average fan-out                             ; 2.70      ;
+---------------------------------------------+-----------+


+---------------------------------------------------------------------------------------------------------------------------------------------------------------------------------------------------------------------------------------------------------------------------------------------+
; Analysis & Synthesis Resource Utilization by Entity                                                                                                                                                                                                                                         ;
+------------------------------------------+---------------------+---------------------------+-------------+------------+--------------+---------+-----------+------+--------------+------------+---------------------------------------------------------+--------------------+--------------+
; Compilation Hierarchy Node               ; Combinational ALUTs ; Dedicated Logic Registers ; Memory Bits ; UFM Blocks ; DSP Elements ; DSP 9x9 ; DSP 18x18 ; Pins ; Virtual Pins ; ADC blocks ; Full Hierarchy Name                                     ; Entity Name        ; Library Name ;
+------------------------------------------+---------------------+---------------------------+-------------+------------+--------------+---------+-----------+------+--------------+------------+---------------------------------------------------------+--------------------+--------------+
; |SimpleCPU_Template                      ; 361 (0)             ; 328 (0)                   ; 0           ; 0          ; 0            ; 0       ; 0         ; 50   ; 0            ; 0          ; |SimpleCPU_Template                                     ; SimpleCPU_Template ; work         ;
;    |ControlUnit:Label_CU|                ; 9 (9)               ; 16 (16)                   ; 0           ; 0          ; 0            ; 0       ; 0         ; 0    ; 0            ; 0          ; |SimpleCPU_Template|ControlUnit:Label_CU                ; ControlUnit        ; work         ;
;    |ProgramCounter:Label_ProgramCounter| ; 8 (8)               ; 11 (11)                   ; 0           ; 0          ; 0            ; 0       ; 0         ; 0    ; 0            ; 0          ; |SimpleCPU_Template|ProgramCounter:Label_ProgramCounter ; ProgramCounter     ; work         ;
;    |TwoToOneMux:Label_MARMUX|            ; 5 (5)               ; 0 (0)                     ; 0           ; 0          ; 0            ; 0       ; 0         ; 0    ; 0            ; 0          ; |SimpleCPU_Template|TwoToOneMux:Label_MARMUX            ; TwoToOneMux        ; work         ;
;    |alu:Label_ALU|                       ; 11 (11)             ; 0 (0)                     ; 0           ; 0          ; 0            ; 0       ; 0         ; 0    ; 0            ; 0          ; |SimpleCPU_Template|alu:Label_ALU                       ; alu                ; work         ;
;    |memory_8_by_32:Label_RAM|            ; 318 (318)           ; 264 (264)                 ; 0           ; 0          ; 0            ; 0       ; 0         ; 0    ; 0            ; 0          ; |SimpleCPU_Template|memory_8_by_32:Label_RAM            ; memory_8_by_32     ; work         ;
;    |reg:Label_Accumulator|               ; 10 (10)             ; 8 (8)                     ; 0           ; 0          ; 0            ; 0       ; 0         ; 0    ; 0            ; 0          ; |SimpleCPU_Template|reg:Label_Accumulator               ; reg                ; work         ;
;    |reg:Label_IR|                        ; 0 (0)               ; 8 (8)                     ; 0           ; 0          ; 0            ; 0       ; 0         ; 0    ; 0            ; 0          ; |SimpleCPU_Template|reg:Label_IR                        ; reg                ; work         ;
;    |reg:Label_MAR|                       ; 0 (0)               ; 5 (5)                     ; 0           ; 0          ; 0            ; 0       ; 0         ; 0    ; 0            ; 0          ; |SimpleCPU_Template|reg:Label_MAR                       ; reg                ; work         ;
;    |reg:Label_MDRI|                      ; 0 (0)               ; 8 (8)                     ; 0           ; 0          ; 0            ; 0       ; 0         ; 0    ; 0            ; 0          ; |SimpleCPU_Template|reg:Label_MDRI                      ; reg                ; work         ;
;    |reg:Label_MDRO|                      ; 0 (0)               ; 8 (8)                     ; 0           ; 0          ; 0            ; 0       ; 0         ; 0    ; 0            ; 0          ; |SimpleCPU_Template|reg:Label_MDRO                      ; reg                ; work         ;
+------------------------------------------+---------------------+---------------------------+-------------+------------+--------------+---------+-----------+------+--------------+------------+---------------------------------------------------------+--------------------+--------------+
Note: For table entries with two numbers listed, the numbers in parentheses indicate the number of resources of the given type used by the specific entity alone. The numbers listed outside of parentheses indicate the total resources of the given type used by the specific entity and all of its sub-entities in the hierarchy.


Encoding Type:  One-Hot
+-----------------------------------------------------------------------------------------------------------------------------------------------------------------------------------------------------------------------------------------------------------------------------------------------------------------------------------------------------------------------------------------------------------------------------------------------------------------------------------------------------------+
; State Machine - |SimpleCPU_Template|ControlUnit:Label_CU|current_state                                                                                                                                                                                                                                                                                                                                                                                                                                    ;
+---------------------------------+----------------------------+------------------------------+------------------------------+---------------------------------+------------------------------+-----------------------------+-----------------------------+---------------------------+------------------------------+-----------------------------+-----------------------------+----------------------+-----------------------+-------------------------+------------------------+------------------------+
; Name                            ; current_state.increment_pc ; current_state.staa_write_mem ; current_state.staa_load_mdro ; current_state.adaa_store_load_a ; current_state.adaa_load_mdri ; current_state.adaa_read_mem ; current_state.adaa_load_mar ; current_state.ldaa_load_a ; current_state.ldaa_load_mdri ; current_state.ldaa_read_mem ; current_state.ldaa_load_mar ; current_state.decode ; current_state.load_ir ; current_state.load_mdri ; current_state.read_mem ; current_state.load_mar ;
+---------------------------------+----------------------------+------------------------------+------------------------------+---------------------------------+------------------------------+-----------------------------+-----------------------------+---------------------------+------------------------------+-----------------------------+-----------------------------+----------------------+-----------------------+-------------------------+------------------------+------------------------+
; current_state.load_mar          ; 0                          ; 0                            ; 0                            ; 0                               ; 0                            ; 0                           ; 0                           ; 0                         ; 0                            ; 0                           ; 0                           ; 0                    ; 0                     ; 0                       ; 0                      ; 0                      ;
; current_state.read_mem          ; 0                          ; 0                            ; 0                            ; 0                               ; 0                            ; 0                           ; 0                           ; 0                         ; 0                            ; 0                           ; 0                           ; 0                    ; 0                     ; 0                       ; 1                      ; 1                      ;
; current_state.load_mdri         ; 0                          ; 0                            ; 0                            ; 0                               ; 0                            ; 0                           ; 0                           ; 0                         ; 0                            ; 0                           ; 0                           ; 0                    ; 0                     ; 1                       ; 0                      ; 1                      ;
; current_state.load_ir           ; 0                          ; 0                            ; 0                            ; 0                               ; 0                            ; 0                           ; 0                           ; 0                         ; 0                            ; 0                           ; 0                           ; 0                    ; 1                     ; 0                       ; 0                      ; 1                      ;
; current_state.decode            ; 0                          ; 0                            ; 0                            ; 0                               ; 0                            ; 0                           ; 0                           ; 0                         ; 0                            ; 0                           ; 0                           ; 1                    ; 0                     ; 0                       ; 0                      ; 1                      ;
; current_state.ldaa_load_mar     ; 0                          ; 0                            ; 0                            ; 0                               ; 0                            ; 0                           ; 0                           ; 0                         ; 0                            ; 0                           ; 1                           ; 0                    ; 0                     ; 0                       ; 0                      ; 1                      ;
; current_state.ldaa_read_mem     ; 0                          ; 0                            ; 0                            ; 0                               ; 0                            ; 0                           ; 0                           ; 0                         ; 0                            ; 1                           ; 0                           ; 0                    ; 0                     ; 0                       ; 0                      ; 1                      ;
; current_state.ldaa_load_mdri    ; 0                          ; 0                            ; 0                            ; 0                               ; 0                            ; 0                           ; 0                           ; 0                         ; 1                            ; 0                           ; 0                           ; 0                    ; 0                     ; 0                       ; 0                      ; 1                      ;
; current_state.ldaa_load_a       ; 0                          ; 0                            ; 0                            ; 0                               ; 0                            ; 0                           ; 0                           ; 1                         ; 0                            ; 0                           ; 0                           ; 0                    ; 0                     ; 0                       ; 0                      ; 1                      ;
; current_state.adaa_load_mar     ; 0                          ; 0                            ; 0                            ; 0                               ; 0                            ; 0                           ; 1                           ; 0                         ; 0                            ; 0                           ; 0                           ; 0                    ; 0                     ; 0                       ; 0                      ; 1                      ;
; current_state.adaa_read_mem     ; 0                          ; 0                            ; 0                            ; 0                               ; 0                            ; 1                           ; 0                           ; 0                         ; 0                            ; 0                           ; 0                           ; 0                    ; 0                     ; 0                       ; 0                      ; 1                      ;
; current_state.adaa_load_mdri    ; 0                          ; 0                            ; 0                            ; 0                               ; 1                            ; 0                           ; 0                           ; 0                         ; 0                            ; 0                           ; 0                           ; 0                    ; 0                     ; 0                       ; 0                      ; 1                      ;
; current_state.adaa_store_load_a ; 0                          ; 0                            ; 0                            ; 1                               ; 0                            ; 0                           ; 0                           ; 0                         ; 0                            ; 0                           ; 0                           ; 0                    ; 0                     ; 0                       ; 0                      ; 1                      ;
; current_state.staa_load_mdro    ; 0                          ; 0                            ; 1                            ; 0                               ; 0                            ; 0                           ; 0                           ; 0                         ; 0                            ; 0                           ; 0                           ; 0                    ; 0                     ; 0                       ; 0                      ; 1                      ;
; current_state.staa_write_mem    ; 0                          ; 1                            ; 0                            ; 0                               ; 0                            ; 0                           ; 0                           ; 0                         ; 0                            ; 0                           ; 0                           ; 0                    ; 0                     ; 0                       ; 0                      ; 1                      ;
; current_state.increment_pc      ; 1                          ; 0                            ; 0                            ; 0                               ; 0                            ; 0                           ; 0                           ; 0                         ; 0                            ; 0                           ; 0                           ; 0                    ; 0                     ; 0                       ; 0                      ; 1                      ;
+---------------------------------+----------------------------+------------------------------+------------------------------+---------------------------------+------------------------------+-----------------------------+-----------------------------+---------------------------+------------------------------+-----------------------------+-----------------------------+----------------------+-----------------------+-------------------------+------------------------+------------------------+


+----------------------------------------------------------------------------------------------------------------+
; Registers Removed During Synthesis                                                                             ;
+----------------------------------------------------+-----------------------------------------------------------+
; Register name                                      ; Reason for Removal                                        ;
+----------------------------------------------------+-----------------------------------------------------------+
; ProgramCounter:Label_ProgramCounter|counter[0]     ; Merged with ProgramCounter:Label_ProgramCounter|output[0] ;
; ProgramCounter:Label_ProgramCounter|counter[1]     ; Merged with ProgramCounter:Label_ProgramCounter|output[1] ;
; ProgramCounter:Label_ProgramCounter|counter[2]     ; Merged with ProgramCounter:Label_ProgramCounter|output[2] ;
; ProgramCounter:Label_ProgramCounter|counter[3]     ; Merged with ProgramCounter:Label_ProgramCounter|output[3] ;
; ProgramCounter:Label_ProgramCounter|counter[4]     ; Merged with ProgramCounter:Label_ProgramCounter|output[4] ;
; ProgramCounter:Label_ProgramCounter|counter[8..31] ; Lost fanout                                               ;
; Total Number of Removed Registers = 29             ;                                                           ;
+----------------------------------------------------+-----------------------------------------------------------+


+------------------------------------------------------+
; General Register Statistics                          ;
+----------------------------------------------+-------+
; Statistic                                    ; Value ;
+----------------------------------------------+-------+
; Total registers                              ; 328   ;
; Number of registers using Synchronous Clear  ; 0     ;
; Number of registers using Synchronous Load   ; 8     ;
; Number of registers using Asynchronous Clear ; 0     ;
; Number of registers using Asynchronous Load  ; 0     ;
; Number of registers using Clock Enable       ; 312   ;
; Number of registers using Preset             ; 0     ;
+----------------------------------------------+-------+


+-------------------------------------------------------------------------------------------------------------------------------------------------------------------+
; Multiplexer Restructuring Statistics (Restructuring Performed)                                                                                                    ;
+--------------------+-----------+---------------+----------------------+------------------------+------------+-----------------------------------------------------+
; Multiplexer Inputs ; Bus Width ; Baseline Area ; Area if Restructured ; Saving if Restructured ; Registered ; Example Multiplexer Output                          ;
+--------------------+-----------+---------------+----------------------+------------------------+------------+-----------------------------------------------------+
; 3:1                ; 8 bits    ; 16 LEs        ; 8 LEs                ; 8 LEs                  ; Yes        ; |SimpleCPU_Template|reg:Label_Accumulator|output[0] ;
+--------------------+-----------+---------------+----------------------+------------------------+------------+-----------------------------------------------------+


+------------------------------------------------------------------------------------------------------------------------+
; Port Connectivity Checks: "reg:Label_MAR"                                                                              ;
+--------------+--------+----------+-------------------------------------------------------------------------------------+
; Port         ; Type   ; Severity ; Details                                                                             ;
+--------------+--------+----------+-------------------------------------------------------------------------------------+
; output[7..5] ; Output ; Info     ; Connected to dangling logic. Logic that only feeds a dangling port will be removed. ;
+--------------+--------+----------+-------------------------------------------------------------------------------------+


+-----------------------------------------------------+
; Post-Synthesis Netlist Statistics for Top Partition ;
+-----------------------+-----------------------------+
; Type                  ; Count                       ;
+-----------------------+-----------------------------+
; boundary_port         ; 50                          ;
; cycloneiii_ff         ; 328                         ;
;     ENA               ; 304                         ;
;     ENA SLD           ; 8                           ;
;     plain             ; 16                          ;
; cycloneiii_lcell_comb ; 362                         ;
;     arith             ; 14                          ;
;         2 data inputs ; 6                           ;
;         3 data inputs ; 8                           ;
;     normal            ; 348                         ;
;         0 data inputs ; 1                           ;
;         1 data inputs ; 106                         ;
;         2 data inputs ; 3                           ;
;         3 data inputs ; 50                          ;
;         4 data inputs ; 188                         ;
;                       ;                             ;
; Max LUT depth         ; 5.00                        ;
; Average LUT depth     ; 3.18                        ;
+-----------------------+-----------------------------+


+-------------------------------+
; Elapsed Time Per Partition    ;
+----------------+--------------+
; Partition Name ; Elapsed Time ;
+----------------+--------------+
; Top            ; 00:00:01     ;
+----------------+--------------+


+-------------------------------+
; Analysis & Synthesis Messages ;
+-------------------------------+
Info: *******************************************************************
Info: Running Quartus Prime Analysis & Synthesis
    Info: Version 19.1.0 Build 670 09/22/2019 SJ Lite Edition
    Info: Processing started: Fri Dec 04 16:39:05 2020
Info: Command: quartus_map --read_settings_files=on --write_settings_files=off SimpleCPU_Template -c SimpleCPU_Template
Warning (18236): Number of processors has not been specified which may cause overloading on shared machines.  Set the global assignment NUM_PARALLEL_PROCESSORS in your QSF to an appropriate value for best performance.
Info (20030): Parallel compilation is enabled and will use 4 of the 4 processors detected
Info (12021): Found 4 design units, including 2 entities, in source file simplecpu_template.vhd
    Info (12022): Found design unit 1: SimpleCPU_Template-behavior File: C:/Users/san81/OneDrive/Documents/Quartus Labs/FinalProject/SimpleCPU/SimpleCPU_Template.vhd Line: 21
    Info (12022): Found design unit 2: TwoToOneMux-behavior File: C:/Users/san81/OneDrive/Documents/Quartus Labs/FinalProject/SimpleCPU/SimpleCPU_Template.vhd Line: 248
    Info (12023): Found entity 1: SimpleCPU_Template File: C:/Users/san81/OneDrive/Documents/Quartus Labs/FinalProject/SimpleCPU/SimpleCPU_Template.vhd Line: 5
    Info (12023): Found entity 2: TwoToOneMux File: C:/Users/san81/OneDrive/Documents/Quartus Labs/FinalProject/SimpleCPU/SimpleCPU_Template.vhd Line: 239
Info (12127): Elaborating entity "SimpleCPU_Template" for the top level hierarchy
Critical Warning (10920): VHDL Incomplete Partial Association warning at SimpleCPU_Template.vhd(178): port or argument "output" has 3/8 unassociated elements File: C:/Users/san81/OneDrive/Documents/Quartus Labs/FinalProject/SimpleCPU/SimpleCPU_Template.vhd Line: 178
Warning (12125): Using design file memory_8_by_32.vhd, which is not specified as a design file for the current project, but contains definitions for 2 design units and 1 entities in project
    Info (12022): Found design unit 1: memory_8_by_32-behavior File: C:/Users/san81/OneDrive/Documents/Quartus Labs/FinalProject/SimpleCPU/memory_8_by_32.vhd Line: 17
    Info (12023): Found entity 1: memory_8_by_32 File: C:/Users/san81/OneDrive/Documents/Quartus Labs/FinalProject/SimpleCPU/memory_8_by_32.vhd Line: 7
Info (12128): Elaborating entity "memory_8_by_32" for hierarchy "memory_8_by_32:Label_RAM" File: C:/Users/san81/OneDrive/Documents/Quartus Labs/FinalProject/SimpleCPU/SimpleCPU_Template.vhd Line: 130
Warning (12125): Using design file reg.vhd, which is not specified as a design file for the current project, but contains definitions for 2 design units and 1 entities in project
    Info (12022): Found design unit 1: reg-behavior File: C:/Users/san81/OneDrive/Documents/Quartus Labs/FinalProject/SimpleCPU/reg.vhd Line: 17
    Info (12023): Found entity 1: reg File: C:/Users/san81/OneDrive/Documents/Quartus Labs/FinalProject/SimpleCPU/reg.vhd Line: 7
Info (12128): Elaborating entity "reg" for hierarchy "reg:Label_Accumulator" File: C:/Users/san81/OneDrive/Documents/Quartus Labs/FinalProject/SimpleCPU/SimpleCPU_Template.vhd Line: 139
Warning (12125): Using design file alu.vhd, which is not specified as a design file for the current project, but contains definitions for 2 design units and 1 entities in project
    Info (12022): Found design unit 1: alu-behavior File: C:/Users/san81/OneDrive/Documents/Quartus Labs/FinalProject/SimpleCPU/alu.vhd Line: 19
    Info (12023): Found entity 1: alu File: C:/Users/san81/OneDrive/Documents/Quartus Labs/FinalProject/SimpleCPU/alu.vhd Line: 7
Info (12128): Elaborating entity "alu" for hierarchy "alu:Label_ALU" File: C:/Users/san81/OneDrive/Documents/Quartus Labs/FinalProject/SimpleCPU/SimpleCPU_Template.vhd Line: 147
Warning (10631): VHDL Process Statement warning at alu.vhd(21): inferring latch(es) for signal or variable "output", which holds its previous value in one or more paths through the process File: C:/Users/san81/OneDrive/Documents/Quartus Labs/FinalProject/SimpleCPU/alu.vhd Line: 21
Info (10041): Inferred latch for "output[0]" at alu.vhd(21) File: C:/Users/san81/OneDrive/Documents/Quartus Labs/FinalProject/SimpleCPU/alu.vhd Line: 21
Info (10041): Inferred latch for "output[1]" at alu.vhd(21) File: C:/Users/san81/OneDrive/Documents/Quartus Labs/FinalProject/SimpleCPU/alu.vhd Line: 21
Info (10041): Inferred latch for "output[2]" at alu.vhd(21) File: C:/Users/san81/OneDrive/Documents/Quartus Labs/FinalProject/SimpleCPU/alu.vhd Line: 21
Info (10041): Inferred latch for "output[3]" at alu.vhd(21) File: C:/Users/san81/OneDrive/Documents/Quartus Labs/FinalProject/SimpleCPU/alu.vhd Line: 21
Info (10041): Inferred latch for "output[4]" at alu.vhd(21) File: C:/Users/san81/OneDrive/Documents/Quartus Labs/FinalProject/SimpleCPU/alu.vhd Line: 21
Info (10041): Inferred latch for "output[5]" at alu.vhd(21) File: C:/Users/san81/OneDrive/Documents/Quartus Labs/FinalProject/SimpleCPU/alu.vhd Line: 21
Info (10041): Inferred latch for "output[6]" at alu.vhd(21) File: C:/Users/san81/OneDrive/Documents/Quartus Labs/FinalProject/SimpleCPU/alu.vhd Line: 21
Info (10041): Inferred latch for "output[7]" at alu.vhd(21) File: C:/Users/san81/OneDrive/Documents/Quartus Labs/FinalProject/SimpleCPU/alu.vhd Line: 21
Warning (12125): Using design file programcounter.vhd, which is not specified as a design file for the current project, but contains definitions for 2 design units and 1 entities in project
    Info (12022): Found design unit 1: ProgramCounter-behavior File: C:/Users/san81/OneDrive/Documents/Quartus Labs/FinalProject/SimpleCPU/programcounter.vhd Line: 15
    Info (12023): Found entity 1: ProgramCounter File: C:/Users/san81/OneDrive/Documents/Quartus Labs/FinalProject/SimpleCPU/programcounter.vhd Line: 7
Info (12128): Elaborating entity "ProgramCounter" for hierarchy "ProgramCounter:Label_ProgramCounter" File: C:/Users/san81/OneDrive/Documents/Quartus Labs/FinalProject/SimpleCPU/SimpleCPU_Template.vhd Line: 155
Info (12128): Elaborating entity "TwoToOneMux" for hierarchy "TwoToOneMux:Label_MARMUX" File: C:/Users/san81/OneDrive/Documents/Quartus Labs/FinalProject/SimpleCPU/SimpleCPU_Template.vhd Line: 170
Warning (10631): VHDL Process Statement warning at SimpleCPU_Template.vhd(251): inferring latch(es) for signal or variable "output", which holds its previous value in one or more paths through the process File: C:/Users/san81/OneDrive/Documents/Quartus Labs/FinalProject/SimpleCPU/SimpleCPU_Template.vhd Line: 251
Info (10041): Inferred latch for "output[0]" at SimpleCPU_Template.vhd(251) File: C:/Users/san81/OneDrive/Documents/Quartus Labs/FinalProject/SimpleCPU/SimpleCPU_Template.vhd Line: 251
Info (10041): Inferred latch for "output[1]" at SimpleCPU_Template.vhd(251) File: C:/Users/san81/OneDrive/Documents/Quartus Labs/FinalProject/SimpleCPU/SimpleCPU_Template.vhd Line: 251
Info (10041): Inferred latch for "output[2]" at SimpleCPU_Template.vhd(251) File: C:/Users/san81/OneDrive/Documents/Quartus Labs/FinalProject/SimpleCPU/SimpleCPU_Template.vhd Line: 251
Info (10041): Inferred latch for "output[3]" at SimpleCPU_Template.vhd(251) File: C:/Users/san81/OneDrive/Documents/Quartus Labs/FinalProject/SimpleCPU/SimpleCPU_Template.vhd Line: 251
Info (10041): Inferred latch for "output[4]" at SimpleCPU_Template.vhd(251) File: C:/Users/san81/OneDrive/Documents/Quartus Labs/FinalProject/SimpleCPU/SimpleCPU_Template.vhd Line: 251
Info (10041): Inferred latch for "output[5]" at SimpleCPU_Template.vhd(251) File: C:/Users/san81/OneDrive/Documents/Quartus Labs/FinalProject/SimpleCPU/SimpleCPU_Template.vhd Line: 251
Info (10041): Inferred latch for "output[6]" at SimpleCPU_Template.vhd(251) File: C:/Users/san81/OneDrive/Documents/Quartus Labs/FinalProject/SimpleCPU/SimpleCPU_Template.vhd Line: 251
Info (10041): Inferred latch for "output[7]" at SimpleCPU_Template.vhd(251) File: C:/Users/san81/OneDrive/Documents/Quartus Labs/FinalProject/SimpleCPU/SimpleCPU_Template.vhd Line: 251
Warning (12125): Using design file controlunit.vhd, which is not specified as a design file for the current project, but contains definitions for 2 design units and 1 entities in project
    Info (12022): Found design unit 1: ControlUnit-behavior File: C:/Users/san81/OneDrive/Documents/Quartus Labs/FinalProject/SimpleCPU/controlunit.vhd Line: 30
    Info (12023): Found entity 1: ControlUnit File: C:/Users/san81/OneDrive/Documents/Quartus Labs/FinalProject/SimpleCPU/controlunit.vhd Line: 7
Info (12128): Elaborating entity "ControlUnit" for hierarchy "ControlUnit:Label_CU" File: C:/Users/san81/OneDrive/Documents/Quartus Labs/FinalProject/SimpleCPU/SimpleCPU_Template.vhd Line: 203
Warning (14026): LATCH primitive "alu:Label_ALU|output[0]" is permanently enabled File: C:/Users/san81/OneDrive/Documents/Quartus Labs/FinalProject/SimpleCPU/alu.vhd Line: 21
Warning (14026): LATCH primitive "alu:Label_ALU|output[1]" is permanently enabled File: C:/Users/san81/OneDrive/Documents/Quartus Labs/FinalProject/SimpleCPU/alu.vhd Line: 21
Warning (14026): LATCH primitive "alu:Label_ALU|output[2]" is permanently enabled File: C:/Users/san81/OneDrive/Documents/Quartus Labs/FinalProject/SimpleCPU/alu.vhd Line: 21
Warning (14026): LATCH primitive "alu:Label_ALU|output[3]" is permanently enabled File: C:/Users/san81/OneDrive/Documents/Quartus Labs/FinalProject/SimpleCPU/alu.vhd Line: 21
Warning (14026): LATCH primitive "alu:Label_ALU|output[4]" is permanently enabled File: C:/Users/san81/OneDrive/Documents/Quartus Labs/FinalProject/SimpleCPU/alu.vhd Line: 21
Warning (14026): LATCH primitive "alu:Label_ALU|output[5]" is permanently enabled File: C:/Users/san81/OneDrive/Documents/Quartus Labs/FinalProject/SimpleCPU/alu.vhd Line: 21
Warning (14026): LATCH primitive "alu:Label_ALU|output[6]" is permanently enabled File: C:/Users/san81/OneDrive/Documents/Quartus Labs/FinalProject/SimpleCPU/alu.vhd Line: 21
Warning (14026): LATCH primitive "alu:Label_ALU|output[7]" is permanently enabled File: C:/Users/san81/OneDrive/Documents/Quartus Labs/FinalProject/SimpleCPU/alu.vhd Line: 21
Info (276014): Found 1 instances of uninferred RAM logic
    Info (276013): RAM logic "memory_8_by_32:Label_RAM|Z" is uninferred because MIF is not supported for the selected family File: C:/Users/san81/OneDrive/Documents/Quartus Labs/FinalProject/SimpleCPU/memory_8_by_32.vhd Line: 20
Warning (13024): Output pins are stuck at VCC or GND
    Warning (13410): Pin "marOut[5]" is stuck at GND File: C:/Users/san81/OneDrive/Documents/Quartus Labs/FinalProject/SimpleCPU/SimpleCPU_Template.vhd Line: 11
    Warning (13410): Pin "marOut[6]" is stuck at GND File: C:/Users/san81/OneDrive/Documents/Quartus Labs/FinalProject/SimpleCPU/SimpleCPU_Template.vhd Line: 11
    Warning (13410): Pin "marOut[7]" is stuck at GND File: C:/Users/san81/OneDrive/Documents/Quartus Labs/FinalProject/SimpleCPU/SimpleCPU_Template.vhd Line: 11
Info (286030): Timing-Driven Synthesis is running
Info (17049): 24 registers lost all their fanouts during netlist optimizations.
Info (16010): Generating hard_block partition "hard_block:auto_generated_inst"
    Info (16011): Adding 0 node(s), including 0 DDIO, 0 PLL, 0 transceiver and 0 LCELL
Info (21057): Implemented 605 device resources after synthesis - the final resource count might be different
    Info (21058): Implemented 1 input pins
    Info (21059): Implemented 49 output pins
    Info (21061): Implemented 555 logic cells
Info: Quartus Prime Analysis & Synthesis was successful. 0 errors, 21 warnings
    Info: Peak virtual memory: 4792 megabytes
    Info: Processing ended: Fri Dec 04 16:39:23 2020
    Info: Elapsed time: 00:00:18
    Info: Total CPU time (on all processors): 00:00:42


