Flow report for SimpleCPU_Template
Fri Dec 04 16:40:45 2020
Quartus Prime Version 19.1.0 Build 670 09/22/2019 SJ Lite Edition


---------------------
; Table of Contents ;
---------------------
  1. Legal Notice
  2. Flow Summary
  3. Flow Settings
  4. Flow Non-Default Global Settings
  5. Flow Elapsed Time
  6. Flow OS Summary
  7. Flow Log
  8. Flow Messages
  9. Flow Suppressed Messages



----------------
; Legal Notice ;
----------------
Copyright (C) 2019  Intel Corporation. All rights reserved.
Your use of Intel Corporation's design tools, logic functions 
and other software and tools, and any partner logic 
functions, and any output files from any of the foregoing 
(including device programming or simulation files), and any 
associated documentation or information are expressly subject 
to the terms and conditions of the Intel Program License 
Subscription Agreement, the Intel Quartus Prime License Agreement,
the Intel FPGA IP License Agreement, or other applicable license
agreement, including, without limitation, that your use is for
the sole purpose of programming logic devices manufactured by
Intel and sold by Intel or its authorized distributors.  Please
refer to the applicable agreement for further details, at
https://fpgasoftware.intel.com/eula.



+----------------------------------------------------------------------------------+
; Flow Summary                                                                     ;
+------------------------------------+---------------------------------------------+
; Flow Status                        ; Successful - Fri Dec 04 16:40:45 2020       ;
; Quartus Prime Version              ; 19.1.0 Build 670 09/22/2019 SJ Lite Edition ;
; Revision Name                      ; SimpleCPU_Template                          ;
; Top-level Entity Name              ; SimpleCPU_Template                          ;
; Family                             ; MAX 10                                      ;
; Device                             ; 10M50DCF484C7G                              ;
; Timing Models                      ; Final                                       ;
; Total logic elements               ; 445 / 49,760 ( < 1 % )                      ;
;     Total combinational functions  ; 362 / 49,760 ( < 1 % )                      ;
;     Dedicated logic registers      ; 328 / 49,760 ( < 1 % )                      ;
; Total registers                    ; 328                                         ;
; Total pins                         ; 50 / 360 ( 14 % )                           ;
; Total virtual pins                 ; 0                                           ;
; Total memory bits                  ; 0 / 1,677,312 ( 0 % )                       ;
; Embedded Multiplier 9-bit elements ; 0 / 288 ( 0 % )                             ;
; Total PLLs                         ; 0 / 4 ( 0 % )                               ;
; UFM blocks                         ; 0 / 1 ( 0 % )                               ;
; ADC blocks                         ; 0                                           ;
+------------------------------------+---------------------------------------------+


+-----------------------------------------+
; Flow Settings                           ;
+-------------------+---------------------+
; Option            ; Setting             ;
+-------------------+---------------------+
; Start date & time ; 12/04/2020 16:39:06 ;
; Main task         ; Compilation         ;
; Revision Name     ; SimpleCPU_Template  ;
+-------------------+---------------------+


+-------------------------------------------------------------------------------------------------------------------------+
; Flow Non-Default Global Settings                                                                                        ;
+-------------------------------------+----------------------------------------+---------------+-------------+------------+
; Assignment Name                     ; Value                                  ; Default Value ; Entity Name ; Section Id ;
+-------------------------------------+----------------------------------------+---------------+-------------+------------+
; COMPILER_SIGNATURE_ID               ; 193912852042673.160711794518284        ; --            ; --          ; --         ;
; MAX_CORE_JUNCTION_TEMP              ; 85                                     ; --            ; --          ; --         ;
; MIN_CORE_JUNCTION_TEMP              ; 0                                      ; --            ; --          ; --         ;
; PARTITION_COLOR                     ; -- (Not supported for targeted family) ; --            ; --          ; Top        ;
; PARTITION_FITTER_PRESERVATION_LEVEL ; -- (Not supported for targeted family) ; --            ; --          ; Top        ;
; PARTITION_NETLIST_TYPE              ; -- (Not supported for targeted family) ; --            ; --          ; Top        ;
; PROJECT_OUTPUT_DIRECTORY            ; output_files                           ; --            ; --          ; --         ;
+-------------------------------------+----------------------------------------+---------------+-------------+------------+


+--------------------------------------------------------------------------------------------------------------------------+
; Flow Elapsed Time                                                                                                        ;
+----------------------+--------------+-------------------------+---------------------+------------------------------------+
; Module Name          ; Elapsed Time ; Average Processors Used ; Peak Virtual Memory ; Total CPU Time (on all processors) ;
+----------------------+--------------+-------------------------+---------------------+------------------------------------+
; Analysis & Synthesis ; 00:00:18     ; 1.0                     ; 4792 MB             ; 00:00:42                           ;
; Fitter               ; 00:00:30     ; 1.1                     ; 5655 MB             ; 00:00:37                           ;
; Assembler            ; 00:00:05     ; 1.0                     ; 4701 MB             ; 00:00:05                           ;
; Timing Analyzer      ; 00:00:04     ; 1.3                     ; 4830 MB             ; 00:00:04                           ;
; EDA Netlist Writer   ; 00:00:00     ; 1.0                     ; 4644 MB             ; 00:00:01                           ;
; EDA Netlist Writer   ; 00:00:01     ; 1.0                     ; 4644 MB             ; 00:00:01                           ;
; EDA Netlist Writer   ; 00:00:01     ; 1.0                     ; 4652 MB             ; 00:00:01                           ;
; Total                ; 00:00:59     ; --                      ; --                  ; 00:01:31                           ;
+----------------------+--------------+-------------------------+---------------------+------------------------------------+


+------------------------------------------------------------------------------------+
; Flow OS Summary                                                                    ;
+----------------------+------------------+------------+------------+----------------+
; Module Name          ; Machine Hostname ; OS Name    ; OS Version ; Processor type ;
+----------------------+------------------+------------+------------+----------------+
; Analysis & Synthesis ; LAPTOP-U08BTGM7  ; Windows 10 ; 10.0       ; x86_64         ;
; Fitter               ; LAPTOP-U08BTGM7  ; Windows 10 ; 10.0       ; x86_64         ;
; Assembler            ; LAPTOP-U08BTGM7  ; Windows 10 ; 10.0       ; x86_64         ;
; Timing Analyzer      ; LAPTOP-U08BTGM7  ; Windows 10 ; 10.0       ; x86_64         ;
; EDA Netlist Writer   ; LAPTOP-U08BTGM7  ; Windows 10 ; 10.0       ; x86_64         ;
; EDA Netlist Writer   ; LAPTOP-U08BTGM7  ; Windows 10 ; 10.0       ; x86_64         ;
; EDA Netlist Writer   ; LAPTOP-U08BTGM7  ; Windows 10 ; 10.0       ; x86_64         ;
+----------------------+------------------+------------+------------+----------------+


------------
; Flow Log ;
------------
quartus_map --read_settings_files=on --write_settings_files=off SimpleCPU_Template -c SimpleCPU_Template
quartus_fit --read_settings_files=off --write_settings_files=off SimpleCPU_Template -c SimpleCPU_Template
quartus_asm --read_settings_files=off --write_settings_files=off SimpleCPU_Template -c SimpleCPU_Template
quartus_sta SimpleCPU_Template -c SimpleCPU_Template
quartus_eda --gen_testbench --tool=modelsim_oem --format=vhdl --write_settings_files=off SimpleCPU_Template -c SimpleCPU_Template --vector_source="C:/Users/san81/OneDrive/Documents/Quartus Labs/FinalProject/SimpleCPU/Waveform1.vwf" --testbench_file="C:/Users/san81/OneDrive/Documents/Quartus Labs/FinalProject/SimpleCPU/simulation/qsim/Waveform1.vwf.vht"
quartus_eda --gen_testbench --tool=modelsim_oem --format=vhdl --write_settings_files=off SimpleCPU_Template -c SimpleCPU_Template --vector_source="C:/Users/san81/OneDrive/Documents/Quartus Labs/FinalProject/SimpleCPU/Waveform.vwf" --testbench_file="C:/Users/san81/OneDrive/Documents/Quartus Labs/FinalProject/SimpleCPU/simulation/qsim/Waveform.vwf.vht"
quartus_eda --write_settings_files=off --simulation=on --functional=on --flatten_buses=off --tool=modelsim_oem --format=vhdl --output_directory="C:/Users/san81/OneDrive/Documents/Quartus Labs/FinalProject/SimpleCPU/simulation/qsim/" SimpleCPU_Template -c SimpleCPU_Template



